<?xml version="1.0" encoding="UTF-8"?>
<testng-results ignored="0" total="1" passed="1" failed="0" skipped="0">
  <reporter-output>
  </reporter-output>
  <suite started-at="2022-02-24T18:30:36 ART" name="Surefire suite" finished-at="2022-02-24T18:30:36 ART" duration-ms="42">
    <groups>
    </groups>
    <test started-at="2022-02-24T18:30:36 ART" name="Surefire test" finished-at="2022-02-24T18:30:36 ART" duration-ms="42">
      <class name="com.solvd.AppTest">
        <test-method signature="shouldAnswerWithTrue()[pri:0, instance:com.solvd.AppTest@150c158]" started-at="2022-02-24T18:30:36 ART" name="shouldAnswerWithTrue" finished-at="2022-02-24T18:30:36 ART" duration-ms="4" status="PASS">
          <reporter-output>
          </reporter-output>
        </test-method> <!-- shouldAnswerWithTrue -->
      </class> <!-- com.solvd.AppTest -->
    </test> <!-- Surefire test -->
  </suite> <!-- Surefire suite -->
</testng-results>
